<?xml version="1.0" encoding="UTF-8"?>
<robot generator="Robot 6.0.2 (Python 3.11.3 on win32)" generated="20230601 10:48:36.652" rpa="false" schemaversion="3">
<suite id="s1" name="Test" source="C:\Users\jager\Desktop\vmi\AllatkertFrontEnd\test.robot">
<test id="s1-t1" name="Open Site" line="10">
<kw name="Open Browser" library="SeleniumLibrary">
<arg>http://localhost:4200</arg>
<arg>Chrome</arg>
<arg>options=add_experimental_option("detach", True)</arg>
<doc>Opens a new browser instance to the optional ``url``.</doc>
<msg timestamp="20230601 10:48:36.862" level="INFO">Opening browser 'Chrome' to base url 'http://localhost:4200'.</msg>
<status status="PASS" starttime="20230601 10:48:36.859" endtime="20230601 10:48:38.520"/>
</kw>
<kw name="Page Should Contain" library="SeleniumLibrary">
<arg>home works!</arg>
<doc>Verifies that current page contains ``text``.</doc>
<msg timestamp="20230601 10:48:38.536" level="INFO">Current page contains text 'home works!'.</msg>
<status status="PASS" starttime="20230601 10:48:38.520" endtime="20230601 10:48:38.536"/>
</kw>
<kw name="Maximize Browser Window" library="SeleniumLibrary">
<doc>Maximizes current browser window.</doc>
<status status="PASS" starttime="20230601 10:48:38.536" endtime="20230601 10:48:38.650"/>
</kw>
<kw name="Capture Page Screenshot" library="SeleniumLibrary">
<arg>home.png</arg>
<doc>Takes a screenshot of the current page and embeds it into a log file.</doc>
<msg timestamp="20230601 10:48:38.809" level="INFO" html="true">&lt;/td&gt;&lt;/tr&gt;&lt;tr&gt;&lt;td colspan="3"&gt;&lt;a href="home.png"&gt;&lt;img src="home.png" width="800px"&gt;&lt;/a&gt;</msg>
<status status="PASS" starttime="20230601 10:48:38.651" endtime="20230601 10:48:38.809"/>
</kw>
<status status="PASS" starttime="20230601 10:48:36.859" endtime="20230601 10:48:38.810"/>
</test>
<test id="s1-t2" name="Click Animals" line="15">
<kw name="Click Element" library="SeleniumLibrary">
<arg>xpath://*[@id="navbarSupportedContent"]/ul/li[2]/a</arg>
<doc>Click the element identified by ``locator``.</doc>
<msg timestamp="20230601 10:48:38.811" level="INFO">Clicking element 'xpath://*[@id="navbarSupportedContent"]/ul/li[2]/a'.</msg>
<status status="PASS" starttime="20230601 10:48:38.811" endtime="20230601 10:48:38.865"/>
</kw>
<kw name="Sleep" library="BuiltIn">
<arg>1s</arg>
<doc>Pauses the test executed for the given time.</doc>
<msg timestamp="20230601 10:48:39.866" level="INFO">Slept 1 second</msg>
<status status="PASS" starttime="20230601 10:48:38.865" endtime="20230601 10:48:39.866"/>
</kw>
<kw name="Page Should Contain" library="SeleniumLibrary">
<arg>gondozo</arg>
<doc>Verifies that current page contains ``text``.</doc>
<msg timestamp="20230601 10:48:39.897" level="INFO">Current page contains text 'gondozo'.</msg>
<status status="PASS" starttime="20230601 10:48:39.866" endtime="20230601 10:48:39.897"/>
</kw>
<kw name="Capture Page Screenshot" library="SeleniumLibrary">
<arg>animals.png</arg>
<doc>Takes a screenshot of the current page and embeds it into a log file.</doc>
<msg timestamp="20230601 10:48:40.012" level="INFO" html="true">&lt;/td&gt;&lt;/tr&gt;&lt;tr&gt;&lt;td colspan="3"&gt;&lt;a href="animals.png"&gt;&lt;img src="animals.png" width="800px"&gt;&lt;/a&gt;</msg>
<status status="PASS" starttime="20230601 10:48:39.897" endtime="20230601 10:48:40.012"/>
</kw>
<status status="PASS" starttime="20230601 10:48:38.811" endtime="20230601 10:48:40.012"/>
</test>
<test id="s1-t3" name="Click Employee" line="20">
<kw name="Click Element" library="SeleniumLibrary">
<arg>xpath://*[@id="navbarSupportedContent"]/ul/li[3]/a</arg>
<doc>Click the element identified by ``locator``.</doc>
<msg timestamp="20230601 10:48:40.012" level="INFO">Clicking element 'xpath://*[@id="navbarSupportedContent"]/ul/li[3]/a'.</msg>
<status status="PASS" starttime="20230601 10:48:40.012" endtime="20230601 10:48:40.071"/>
</kw>
<kw name="Sleep" library="BuiltIn">
<arg>1s</arg>
<doc>Pauses the test executed for the given time.</doc>
<msg timestamp="20230601 10:48:41.072" level="INFO">Slept 1 second</msg>
<status status="PASS" starttime="20230601 10:48:40.072" endtime="20230601 10:48:41.072"/>
</kw>
<kw name="Page Should Contain" library="SeleniumLibrary">
<arg>employee works!</arg>
<doc>Verifies that current page contains ``text``.</doc>
<msg timestamp="20230601 10:48:41.104" level="INFO">Current page contains text 'employee works!'.</msg>
<status status="PASS" starttime="20230601 10:48:41.072" endtime="20230601 10:48:41.104"/>
</kw>
<kw name="Capture Page Screenshot" library="SeleniumLibrary">
<arg>employee.png</arg>
<doc>Takes a screenshot of the current page and embeds it into a log file.</doc>
<msg timestamp="20230601 10:48:41.229" level="INFO" html="true">&lt;/td&gt;&lt;/tr&gt;&lt;tr&gt;&lt;td colspan="3"&gt;&lt;a href="employee.png"&gt;&lt;img src="employee.png" width="800px"&gt;&lt;/a&gt;</msg>
<status status="PASS" starttime="20230601 10:48:41.104" endtime="20230601 10:48:41.229"/>
</kw>
<status status="PASS" starttime="20230601 10:48:40.012" endtime="20230601 10:48:41.229"/>
</test>
<test id="s1-t4" name="Create New Animal" line="25">
<kw name="Click Element" library="SeleniumLibrary">
<arg>xpath://*[@id="navbarSupportedContent"]/ul/li[2]/a</arg>
<doc>Click the element identified by ``locator``.</doc>
<msg timestamp="20230601 10:48:41.229" level="INFO">Clicking element 'xpath://*[@id="navbarSupportedContent"]/ul/li[2]/a'.</msg>
<status status="PASS" starttime="20230601 10:48:41.229" endtime="20230601 10:48:41.277"/>
</kw>
<kw name="Sleep" library="BuiltIn">
<arg>1s</arg>
<doc>Pauses the test executed for the given time.</doc>
<msg timestamp="20230601 10:48:42.277" level="INFO">Slept 1 second</msg>
<status status="PASS" starttime="20230601 10:48:41.277" endtime="20230601 10:48:42.277"/>
</kw>
<kw name="Input Text" library="SeleniumLibrary">
<arg>id:createnev</arg>
<arg>${nev}</arg>
<doc>Types the given ``text`` into the text field identified by ``locator``.</doc>
<msg timestamp="20230601 10:48:42.277" level="INFO">Typing text 'Robika' into text field 'id:createnev'.</msg>
<status status="PASS" starttime="20230601 10:48:42.277" endtime="20230601 10:48:42.364"/>
</kw>
<kw name="Input Text" library="SeleniumLibrary">
<arg>id:createfaj</arg>
<arg>${faj}</arg>
<doc>Types the given ``text`` into the text field identified by ``locator``.</doc>
<msg timestamp="20230601 10:48:42.364" level="INFO">Typing text 'Papagáj' into text field 'id:createfaj'.</msg>
<status status="PASS" starttime="20230601 10:48:42.364" endtime="20230601 10:48:42.447"/>
</kw>
<kw name="Input Text" library="SeleniumLibrary">
<arg>id:creategondozo</arg>
<arg>${gondozo}</arg>
<doc>Types the given ``text`` into the text field identified by ``locator``.</doc>
<msg timestamp="20230601 10:48:42.463" level="INFO">Typing text 'Bő Ödön' into text field 'id:creategondozo'.</msg>
<status status="PASS" starttime="20230601 10:48:42.463" endtime="20230601 10:48:42.547"/>
</kw>
<kw name="Input Text" library="SeleniumLibrary">
<arg>id:createhelye</arg>
<arg>${helye}</arg>
<doc>Types the given ``text`` into the text field identified by ``locator``.</doc>
<msg timestamp="20230601 10:48:42.547" level="INFO">Typing text 'Madár-ház' into text field 'id:createhelye'.</msg>
<status status="PASS" starttime="20230601 10:48:42.547" endtime="20230601 10:48:42.630"/>
</kw>
<kw name="Click Element" library="SeleniumLibrary">
<arg>id:createbutton</arg>
<doc>Click the element identified by ``locator``.</doc>
<msg timestamp="20230601 10:48:42.630" level="INFO">Clicking element 'id:createbutton'.</msg>
<status status="PASS" starttime="20230601 10:48:42.630" endtime="20230601 10:48:42.664"/>
</kw>
<status status="PASS" starttime="20230601 10:48:41.229" endtime="20230601 10:48:42.664"/>
</test>
<test id="s1-t5" name="Animal Exist" line="33">
<kw name="Wait Until Element Is Visible" library="SeleniumLibrary">
<arg>id:${nev}nev</arg>
<arg>2s</arg>
<doc>Waits until the element ``locator`` is visible.</doc>
<status status="PASS" starttime="20230601 10:48:42.664" endtime="20230601 10:48:42.887"/>
</kw>
<kw name="Input Text" library="SeleniumLibrary">
<arg>id:${nev}nev</arg>
<arg>Zsoltika</arg>
<doc>Types the given ``text`` into the text field identified by ``locator``.</doc>
<msg timestamp="20230601 10:48:42.887" level="INFO">Typing text 'Zsoltika' into text field 'id:Robikanev'.</msg>
<status status="PASS" starttime="20230601 10:48:42.887" endtime="20230601 10:48:43.007"/>
</kw>
<status status="PASS" starttime="20230601 10:48:42.664" endtime="20230601 10:48:43.008"/>
</test>
<status status="PASS" starttime="20230601 10:48:36.668" endtime="20230601 10:48:43.009"/>
</suite>
<statistics>
<total>
<stat pass="5" fail="0" skip="0">All Tests</stat>
</total>
<tag>
</tag>
<suite>
<stat pass="5" fail="0" skip="0" id="s1" name="Test">Test</stat>
</suite>
</statistics>
<errors>
</errors>
</robot>
